<?xml version="1.0" encoding="UTF-8"?>
<robot generator="Robot 7.1 (Python 3.12.4 on win32)" generated="2024-09-24T14:40:22.203349" rpa="false" schemaversion="5">
<suite id="s1" name="TextfileTest" source="D:\project\robot framework\Test_Robot\TextfileTest.robot">
<test id="s1-t1" name="Write Content to Text File" line="6">
<kw name="Set Variable" owner="BuiltIn">
<msg time="2024-09-24T14:40:22.258484" level="INFO">${file_path} = file1.txt</msg>
<var>${file_path}</var>
<arg>file1.txt</arg>
<doc>Returns the given values which can then be assigned to a variables.</doc>
<status status="PASS" start="2024-09-24T14:40:22.258484" elapsed="0.000000"/>
</kw>
<kw name="Set Variable" owner="BuiltIn">
<msg time="2024-09-24T14:40:22.259420" level="INFO">${content} = This is content to be written to the file.</msg>
<var>${content}</var>
<arg>This is content to be written to the file.</arg>
<doc>Returns the given values which can then be assigned to a variables.</doc>
<status status="PASS" start="2024-09-24T14:40:22.259420" elapsed="0.000000"/>
</kw>
<kw name="Create File" owner="OperatingSystem">
<msg time="2024-09-24T14:40:22.259872" level="INFO" html="true">Created file '&lt;a href="file://D:\project\robot framework\Test_Robot\file1.txt"&gt;D:\project\robot framework\Test_Robot\file1.txt&lt;/a&gt;'.</msg>
<arg>${file_path}</arg>
<arg>${content}</arg>
<doc>Creates a file with the given content and encoding.</doc>
<status status="PASS" start="2024-09-24T14:40:22.259872" elapsed="0.000000"/>
</kw>
<kw name="Get File" owner="OperatingSystem">
<msg time="2024-09-24T14:40:22.260875" level="INFO" html="true">Getting file '&lt;a href="file://D:\project\robot framework\Test_Robot\file1.txt"&gt;D:\project\robot framework\Test_Robot\file1.txt&lt;/a&gt;'.</msg>
<msg time="2024-09-24T14:40:22.267883" level="INFO">${written_content} = This is content to be written to the file.</msg>
<var>${written_content}</var>
<arg>${file_path}</arg>
<doc>Returns the contents of a specified file.</doc>
<status status="PASS" start="2024-09-24T14:40:22.260875" elapsed="0.007008"/>
</kw>
<kw name="Log" owner="BuiltIn">
<msg time="2024-09-24T14:40:22.268399" level="INFO">This is content to be written to the file.</msg>
<arg>${written_content}</arg>
<doc>Logs the given message with the given level.</doc>
<status status="PASS" start="2024-09-24T14:40:22.268399" elapsed="0.000000"/>
</kw>
<doc>Writes content to a text file</doc>
<tag>file_operations</tag>
<status status="PASS" start="2024-09-24T14:40:22.257975" elapsed="0.010917"/>
</test>
<test id="s1-t2" name="Append content to Text File" line="16">
<kw name="Set Variable" owner="BuiltIn">
<msg time="2024-09-24T14:40:22.269893" level="INFO">${file_path} = file2.txt</msg>
<var>${file_path}</var>
<arg>file2.txt</arg>
<doc>Returns the given values which can then be assigned to a variables.</doc>
<status status="PASS" start="2024-09-24T14:40:22.269893" elapsed="0.000000"/>
</kw>
<kw name="Set Variable" owner="BuiltIn">
<msg time="2024-09-24T14:40:22.269893" level="INFO">${content_to_append} = This is content to be appended to the file.</msg>
<var>${content_to_append}</var>
<arg>This is content to be appended to the file.</arg>
<doc>Returns the given values which can then be assigned to a variables.</doc>
<status status="PASS" start="2024-09-24T14:40:22.269893" elapsed="0.000000"/>
</kw>
<kw name="Append To File" owner="OperatingSystem">
<msg time="2024-09-24T14:40:22.271777" level="INFO" html="true">Appended to file '&lt;a href="file://D:\project\robot framework\Test_Robot\file2.txt"&gt;D:\project\robot framework\Test_Robot\file2.txt&lt;/a&gt;'.</msg>
<arg>${file_path}</arg>
<arg>${content_to_append}</arg>
<doc>Appends the given content to the specified file.</doc>
<status status="PASS" start="2024-09-24T14:40:22.270890" elapsed="0.000887"/>
</kw>
<kw name="Get File" owner="OperatingSystem">
<msg time="2024-09-24T14:40:22.272778" level="INFO" html="true">Getting file '&lt;a href="file://D:\project\robot framework\Test_Robot\file2.txt"&gt;D:\project\robot framework\Test_Robot\file2.txt&lt;/a&gt;'.</msg>
<msg time="2024-09-24T14:40:22.279213" level="INFO">${appended_content} = This is content to be appended to the file.</msg>
<var>${appended_content}</var>
<arg>${file_path}</arg>
<doc>Returns the contents of a specified file.</doc>
<status status="PASS" start="2024-09-24T14:40:22.271777" elapsed="0.007436"/>
</kw>
<kw name="Log" owner="BuiltIn">
<msg time="2024-09-24T14:40:22.279575" level="INFO">This is content to be appended to the file.</msg>
<arg>${appended_content}</arg>
<doc>Logs the given message with the given level.</doc>
<status status="PASS" start="2024-09-24T14:40:22.279575" elapsed="0.000000"/>
</kw>
<doc>Appends content to a text file</doc>
<tag>file_operations</tag>
<status status="PASS" start="2024-09-24T14:40:22.268892" elapsed="0.011185"/>
</test>
<status status="PASS" start="2024-09-24T14:40:22.204468" elapsed="0.076305"/>
</suite>
<statistics>
<total>
<stat pass="2" fail="0" skip="0">All Tests</stat>
</total>
<tag>
<stat pass="2" fail="0" skip="0">file_operations</stat>
</tag>
<suite>
<stat pass="2" fail="0" skip="0" id="s1" name="TextfileTest">TextfileTest</stat>
</suite>
</statistics>
<errors>
</errors>
</robot>
