<?xml version="1.0" encoding="UTF-8"?>
<robot generator="Robot 7.1 (Python 3.12.4 on win32)" generated="2024-09-13T08:51:48.275912" rpa="false" schemaversion="5">
<suite id="s1" name="Robot Framework" source="D:\project\robot framework">
<suite id="s1-s1" name="TestSuite" source="D:\project\robot framework\TestSuite.robot">
<test id="s1-s1-t1" name="Valid Login" line="10">
<kw name="Open Browser To Login Page">
<kw name="Open Browser" owner="SeleniumLibrary">
<msg time="2024-09-13T08:51:49.603218" level="INFO">Opening browser 'Chrome' to base url 'https://bmaai.iboc.co'.</msg>
<arg>${LOGIN URL}</arg>
<arg>${BROWSER}</arg>
<doc>Opens a new browser instance to the optional ``url``.</doc>
<status status="PASS" start="2024-09-13T08:51:49.602219" elapsed="9.338538"/>
</kw>
<kw name="Title Should Be" owner="SeleniumLibrary">
<msg time="2024-09-13T08:51:58.956717" level="INFO">Page title is 'Aliza'.</msg>
<arg>Aliza</arg>
<doc>Verifies that the current page title equals ``title``.</doc>
<status status="PASS" start="2024-09-13T08:51:58.941754" elapsed="0.014963"/>
</kw>
<status status="PASS" start="2024-09-13T08:51:49.599227" elapsed="9.358485"/>
</kw>
<kw name="Check Route To Login Page">
<kw name="Location Should Be" owner="SeleniumLibrary">
<msg time="2024-09-13T08:51:58.976662" level="INFO">Current location is 'https://bmaai.iboc.co/'.</msg>
<arg>https://bmaai.iboc.co/</arg>
<doc>Verifies that the current URL is exactly ``url``.</doc>
<status status="PASS" start="2024-09-13T08:51:58.960705" elapsed="0.015957"/>
</kw>
<kw name="Click Element" owner="SeleniumLibrary">
<msg time="2024-09-13T08:51:58.978656" level="INFO">Clicking element 'xpath=//button[@type='button']'.</msg>
<arg>xpath=//button[@type='button']</arg>
<doc>Click the element identified by ``locator``.</doc>
<status status="PASS" start="2024-09-13T08:51:58.977659" elapsed="1.069303"/>
</kw>
<status status="PASS" start="2024-09-13T08:51:58.959707" elapsed="1.087255"/>
</kw>
<kw name="Input Username">
<kw name="Input Text" owner="SeleniumLibrary">
<msg time="2024-09-13T08:52:00.055938" level="INFO">Typing text 'adminbma' into text field 'id=username'.</msg>
<msg time="2024-09-13T08:52:00.274385" level="INFO" html="true">&lt;/td&gt;&lt;/tr&gt;&lt;tr&gt;&lt;td colspan="3"&gt;&lt;a href="selenium-screenshot-1.png"&gt;&lt;img src="selenium-screenshot-1.png" width="800px"&gt;&lt;/a&gt;</msg>
<msg time="2024-09-13T08:52:00.275380" level="FAIL">Element with locator 'id=username' not found.</msg>
<arg>id=username</arg>
<arg>${username}</arg>
<doc>Types the given ``text`` into the text field identified by ``locator``.</doc>
<status status="FAIL" start="2024-09-13T08:52:00.054941" elapsed="0.227422">Element with locator 'id=username' not found.</status>
</kw>
<arg>adminbma</arg>
<status status="FAIL" start="2024-09-13T08:52:00.054941" elapsed="0.228419">Element with locator 'id=username' not found.</status>
</kw>
<kw name="Input Password">
<arg>P@ssw0rd</arg>
<status status="NOT RUN" start="2024-09-13T08:52:00.295333" elapsed="0.000000"/>
</kw>
<kw name="Submit Credentials">
<status status="NOT RUN" start="2024-09-13T08:52:00.298320" elapsed="0.000000"/>
</kw>
<kw name="Welcome Page Should Be Open">
<status status="NOT RUN" start="2024-09-13T08:52:00.300314" elapsed="0.000998"/>
</kw>
<kw name="Close Browser" owner="SeleniumLibrary" type="TEARDOWN">
<doc>Closes the current browser.</doc>
<status status="PASS" start="2024-09-13T08:52:00.303310" elapsed="2.682328"/>
</kw>
<status status="FAIL" start="2024-09-13T08:51:49.596235" elapsed="13.389403">Element with locator 'id=username' not found.</status>
</test>
<doc>Simple example using SeleniumLibrary.</doc>
<status status="FAIL" start="2024-09-13T08:51:48.359296" elapsed="14.632325"/>
</suite>
<status status="FAIL" start="2024-09-13T08:51:48.323391" elapsed="14.675212"/>
</suite>
<statistics>
<total>
<stat pass="0" fail="1" skip="0">All Tests</stat>
</total>
<tag>
</tag>
<suite>
<stat pass="0" fail="1" skip="0" id="s1" name="Robot Framework">Robot Framework</stat>
<stat pass="0" fail="1" skip="0" id="s1-s1" name="TestSuite">Robot Framework.TestSuite</stat>
</suite>
</statistics>
<errors>
</errors>
</robot>
